<?xml version="1.0" encoding="UTF-8"?>
<!DOCTYPE coverage SYSTEM "http://cobertura.sourceforge.net/xml/coverage-04.dtd">
<coverage line-rate="1" branch-rate="0" lines-covered="560" lines-valid="560" branches-covered="0" branches-valid="0" complexity="0" version="" timestamp="1622304676084">
	<packages>
		<package name="gitlab.com/soteapps/packages/v2021/sHelper" line-rate="1" branch-rate="0" complexity="0" line-count="560" line-hits="560">
			<classes>
				<class name="Parameter" filename="sHelper\parameter.go" line-rate="1" branch-rate="0" complexity="0" line-count="25" line-hits="25">
					<methods>
						<method name="Init" signature="" line-rate="1" branch-rate="0" complexity="0" line-count="0" line-hits="0">
							<lines>
								<line number="21" hits="1"></line>
								<line number="22" hits="1"></line>
								<line number="23" hits="1"></line>
								<line number="24" hits="1"></line>
								<line number="25" hits="1"></line>
								<line number="37" hits="1"></line>
								<line number="38" hits="1"></line>
								<line number="42" hits="1"></line>
								<line number="45" hits="1"></line>
								<line number="48" hits="1"></line>
								<line number="51" hits="1"></line>
								<line number="54" hits="1"></line>
								<line number="58" hits="1"></line>
								<line number="59" hits="1"></line>
								<line number="61" hits="1"></line>
								<line number="62" hits="1"></line>
								<line number="64" hits="1"></line>
								<line number="66" hits="1"></line>
								<line number="67" hits="1"></line>
								<line number="68" hits="1"></line>
								<line number="69" hits="1"></line>
								<line number="72" hits="1"></line>
								<line number="74" hits="1"></line>
								<line number="75" hits="1"></line>
								<line number="77" hits="1"></line>
							</lines>
						</method>
					</methods>
					<lines>
						<line number="21" hits="1"></line>
						<line number="22" hits="1"></line>
						<line number="23" hits="1"></line>
						<line number="24" hits="1"></line>
						<line number="25" hits="1"></line>
						<line number="37" hits="1"></line>
						<line number="38" hits="1"></line>
						<line number="42" hits="1"></line>
						<line number="45" hits="1"></line>
						<line number="48" hits="1"></line>
						<line number="51" hits="1"></line>
						<line number="54" hits="1"></line>
						<line number="58" hits="1"></line>
						<line number="59" hits="1"></line>
						<line number="61" hits="1"></line>
						<line number="62" hits="1"></line>
						<line number="64" hits="1"></line>
						<line number="66" hits="1"></line>
						<line number="67" hits="1"></line>
						<line number="68" hits="1"></line>
						<line number="69" hits="1"></line>
						<line number="72" hits="1"></line>
						<line number="74" hits="1"></line>
						<line number="75" hits="1"></line>
						<line number="77" hits="1"></line>
					</lines>
				</class>
				<class name="-" filename="sHelper\uuid.go" line-rate="1" branch-rate="0" complexity="0" line-count="9" line-hits="9">
					<methods>
						<method name="UUID" signature="" line-rate="1" branch-rate="0" complexity="0" line-count="0" line-hits="0">
							<lines>
								<line number="25" hits="1"></line>
								<line number="26" hits="1"></line>
								<line number="27" hits="1"></line>
								<line number="28" hits="1"></line>
								<line number="30" hits="1"></line>
								<line number="31" hits="1"></line>
								<line number="34" hits="1"></line>
								<line number="36" hits="1"></line>
								<line number="37" hits="1"></line>
							</lines>
						</method>
					</methods>
					<lines>
						<line number="25" hits="1"></line>
						<line number="26" hits="1"></line>
						<line number="27" hits="1"></line>
						<line number="28" hits="1"></line>
						<line number="30" hits="1"></line>
						<line number="31" hits="1"></line>
						<line number="34" hits="1"></line>
						<line number="36" hits="1"></line>
						<line number="37" hits="1"></line>
					</lines>
				</class>
				<class name="-" filename="sHelper\database.go" line-rate="1" branch-rate="0" complexity="0" line-count="14" line-hits="14">
					<methods>
						<method name="NewDatabase" signature="" line-rate="1" branch-rate="0" complexity="0" line-count="0" line-hits="0">
							<lines>
								<line number="49" hits="1"></line>
								<line number="50" hits="1"></line>
								<line number="53" hits="1"></line>
								<line number="54" hits="1"></line>
								<line number="56" hits="1"></line>
								<line number="65" hits="1"></line>
							</lines>
						</method>
						<method name="@59:12" signature="" line-rate="1" branch-rate="0" complexity="0" line-count="0" line-hits="0">
							<lines>
								<line number="60" hits="1"></line>
							</lines>
						</method>
						<method name="getTable" signature="" line-rate="1" branch-rate="0" complexity="0" line-count="0" line-hits="0">
							<lines>
								<line number="110" hits="1"></line>
								<line number="111" hits="1"></line>
								<line number="113" hits="1"></line>
							</lines>
						</method>
						<method name="values" signature="" line-rate="1" branch-rate="0" complexity="0" line-count="0" line-hits="0">
							<lines>
								<line number="118" hits="1"></line>
								<line number="119" hits="1"></line>
								<line number="120" hits="1"></line>
								<line number="122" hits="1"></line>
							</lines>
						</method>
					</methods>
					<lines>
						<line number="49" hits="1"></line>
						<line number="50" hits="1"></line>
						<line number="53" hits="1"></line>
						<line number="54" hits="1"></line>
						<line number="56" hits="1"></line>
						<line number="65" hits="1"></line>
						<line number="60" hits="1"></line>
						<line number="110" hits="1"></line>
						<line number="111" hits="1"></line>
						<line number="113" hits="1"></line>
						<line number="118" hits="1"></line>
						<line number="119" hits="1"></line>
						<line number="120" hits="1"></line>
						<line number="122" hits="1"></line>
					</lines>
				</class>
				<class name="Query" filename="sHelper\database.go" line-rate="1" branch-rate="0" complexity="0" line-count="108" line-hits="108">
					<methods>
						<method name="Pagination" signature="" line-rate="1" branch-rate="0" complexity="0" line-count="0" line-hits="0">
							<lines>
								<line number="69" hits="1"></line>
								<line number="70" hits="1"></line>
							</lines>
						</method>
						<method name="Exec" signature="" line-rate="1" branch-rate="0" complexity="0" line-count="0" line-hits="0">
							<lines>
								<line number="74" hits="1"></line>
								<line number="75" hits="1"></line>
								<line number="76" hits="1"></line>
								<line number="77" hits="1"></line>
								<line number="78" hits="1"></line>
								<line number="79" hits="1"></line>
								<line number="82" hits="1"></line>
								<line number="83" hits="1"></line>
								<line number="85" hits="1"></line>
								<line number="86" hits="1"></line>
								<line number="88" hits="1"></line>
								<line number="89" hits="1"></line>
								<line number="91" hits="1"></line>
								<line number="92" hits="1"></line>
								<line number="94" hits="1"></line>
								<line number="95" hits="1"></line>
								<line number="97" hits="1"></line>
								<line number="98" hits="1"></line>
								<line number="100" hits="1"></line>
								<line number="101" hits="1"></line>
								<line number="103" hits="1"></line>
								<line number="104" hits="1"></line>
								<line number="105" hits="1"></line>
								<line number="106" hits="1"></line>
							</lines>
						</method>
						<method name="where" signature="" line-rate="1" branch-rate="0" complexity="0" line-count="0" line-hits="0">
							<lines>
								<line number="126" hits="1"></line>
								<line number="127" hits="1"></line>
								<line number="128" hits="1"></line>
								<line number="130" hits="1"></line>
								<line number="132" hits="1"></line>
								<line number="134" hits="1"></line>
							</lines>
						</method>
						<method name="Select" signature="" line-rate="1" branch-rate="0" complexity="0" line-count="0" line-hits="0">
							<lines>
								<line number="140" hits="1"></line>
								<line number="141" hits="1"></line>
								<line number="142" hits="1"></line>
								<line number="143" hits="1"></line>
								<line number="144" hits="1"></line>
								<line number="145" hits="1"></line>
								<line number="147" hits="1"></line>
								<line number="148" hits="1"></line>
								<line number="149" hits="1"></line>
								<line number="150" hits="1"></line>
								<line number="152" hits="1"></line>
								<line number="153" hits="1"></line>
								<line number="154" hits="1"></line>
								<line number="156" hits="1"></line>
								<line number="158" hits="1"></line>
								<line number="159" hits="1"></line>
								<line number="160" hits="1"></line>
								<line number="161" hits="1"></line>
								<line number="164" hits="1"></line>
								<line number="165" hits="1"></line>
								<line number="166" hits="1"></line>
								<line number="167" hits="1"></line>
								<line number="170" hits="1"></line>
								<line number="171" hits="1"></line>
								<line number="172" hits="1"></line>
								<line number="173" hits="1"></line>
								<line number="174" hits="1"></line>
								<line number="176" hits="1"></line>
								<line number="178" hits="1"></line>
							</lines>
						</method>
						<method name="Update" signature="" line-rate="1" branch-rate="0" complexity="0" line-count="0" line-hits="0">
							<lines>
								<line number="182" hits="1"></line>
								<line number="183" hits="1"></line>
								<line number="184" hits="1"></line>
								<line number="185" hits="1"></line>
								<line number="186" hits="1"></line>
								<line number="187" hits="1"></line>
								<line number="188" hits="1"></line>
								<line number="189" hits="1"></line>
								<line number="190" hits="1"></line>
								<line number="191" hits="1"></line>
								<line number="192" hits="1"></line>
								<line number="196" hits="1"></line>
							</lines>
						</method>
						<method name="Insert" signature="" line-rate="1" branch-rate="0" complexity="0" line-count="0" line-hits="0">
							<lines>
								<line number="200" hits="1"></line>
								<line number="201" hits="1"></line>
								<line number="202" hits="1"></line>
								<line number="203" hits="1"></line>
								<line number="204" hits="1"></line>
								<line number="205" hits="1"></line>
								<line number="207" hits="1"></line>
								<line number="208" hits="1"></line>
							</lines>
						</method>
						<method name="Delete" signature="" line-rate="1" branch-rate="0" complexity="0" line-count="0" line-hits="0">
							<lines>
								<line number="212" hits="1"></line>
								<line number="213" hits="1"></line>
								<line number="214" hits="1"></line>
								<line number="215" hits="1"></line>
								<line number="216" hits="1"></line>
							</lines>
						</method>
						<method name="GetError" signature="" line-rate="1" branch-rate="0" complexity="0" line-count="0" line-hits="0">
							<lines>
								<line number="220" hits="1"></line>
								<line number="221" hits="1"></line>
								<line number="223" hits="1"></line>
							</lines>
						</method>
						<method name="Scan" signature="" line-rate="1" branch-rate="0" complexity="0" line-count="0" line-hits="0">
							<lines>
								<line number="227" hits="1"></line>
								<line number="230" hits="1"></line>
								<line number="231" hits="1"></line>
								<line number="232" hits="1"></line>
								<line number="233" hits="1"></line>
								<line number="234" hits="1"></line>
								<line number="235" hits="1"></line>
								<line number="237" hits="1"></line>
								<line number="238" hits="1"></line>
								<line number="239" hits="1"></line>
								<line number="240" hits="1"></line>
								<line number="242" hits="1"></line>
								<line number="244" hits="1"></line>
								<line number="246" hits="1"></line>
							</lines>
						</method>
						<method name="Close" signature="" line-rate="1" branch-rate="0" complexity="0" line-count="0" line-hits="0">
							<lines>
								<line number="250" hits="1"></line>
								<line number="251" hits="1"></line>
								<line number="252" hits="1"></line>
								<line number="253" hits="1"></line>
								<line number="254" hits="1"></line>
							</lines>
						</method>
					</methods>
					<lines>
						<line number="69" hits="1"></line>
						<line number="70" hits="1"></line>
						<line number="74" hits="1"></line>
						<line number="75" hits="1"></line>
						<line number="76" hits="1"></line>
						<line number="77" hits="1"></line>
						<line number="78" hits="1"></line>
						<line number="79" hits="1"></line>
						<line number="82" hits="1"></line>
						<line number="83" hits="1"></line>
						<line number="85" hits="1"></line>
						<line number="86" hits="1"></line>
						<line number="88" hits="1"></line>
						<line number="89" hits="1"></line>
						<line number="91" hits="1"></line>
						<line number="92" hits="1"></line>
						<line number="94" hits="1"></line>
						<line number="95" hits="1"></line>
						<line number="97" hits="1"></line>
						<line number="98" hits="1"></line>
						<line number="100" hits="1"></line>
						<line number="101" hits="1"></line>
						<line number="103" hits="1"></line>
						<line number="104" hits="1"></line>
						<line number="105" hits="1"></line>
						<line number="106" hits="1"></line>
						<line number="126" hits="1"></line>
						<line number="127" hits="1"></line>
						<line number="128" hits="1"></line>
						<line number="130" hits="1"></line>
						<line number="132" hits="1"></line>
						<line number="134" hits="1"></line>
						<line number="140" hits="1"></line>
						<line number="141" hits="1"></line>
						<line number="142" hits="1"></line>
						<line number="143" hits="1"></line>
						<line number="144" hits="1"></line>
						<line number="145" hits="1"></line>
						<line number="147" hits="1"></line>
						<line number="148" hits="1"></line>
						<line number="149" hits="1"></line>
						<line number="150" hits="1"></line>
						<line number="152" hits="1"></line>
						<line number="153" hits="1"></line>
						<line number="154" hits="1"></line>
						<line number="156" hits="1"></line>
						<line number="158" hits="1"></line>
						<line number="159" hits="1"></line>
						<line number="160" hits="1"></line>
						<line number="161" hits="1"></line>
						<line number="164" hits="1"></line>
						<line number="165" hits="1"></line>
						<line number="166" hits="1"></line>
						<line number="167" hits="1"></line>
						<line number="170" hits="1"></line>
						<line number="171" hits="1"></line>
						<line number="172" hits="1"></line>
						<line number="173" hits="1"></line>
						<line number="174" hits="1"></line>
						<line number="176" hits="1"></line>
						<line number="178" hits="1"></line>
						<line number="182" hits="1"></line>
						<line number="183" hits="1"></line>
						<line number="184" hits="1"></line>
						<line number="185" hits="1"></line>
						<line number="186" hits="1"></line>
						<line number="187" hits="1"></line>
						<line number="188" hits="1"></line>
						<line number="189" hits="1"></line>
						<line number="190" hits="1"></line>
						<line number="191" hits="1"></line>
						<line number="192" hits="1"></line>
						<line number="196" hits="1"></line>
						<line number="200" hits="1"></line>
						<line number="201" hits="1"></line>
						<line number="202" hits="1"></line>
						<line number="203" hits="1"></line>
						<line number="204" hits="1"></line>
						<line number="205" hits="1"></line>
						<line number="207" hits="1"></line>
						<line number="208" hits="1"></line>
						<line number="212" hits="1"></line>
						<line number="213" hits="1"></line>
						<line number="214" hits="1"></line>
						<line number="215" hits="1"></line>
						<line number="216" hits="1"></line>
						<line number="220" hits="1"></line>
						<line number="221" hits="1"></line>
						<line number="223" hits="1"></line>
						<line number="227" hits="1"></line>
						<line number="230" hits="1"></line>
						<line number="231" hits="1"></line>
						<line number="232" hits="1"></line>
						<line number="233" hits="1"></line>
						<line number="234" hits="1"></line>
						<line number="235" hits="1"></line>
						<line number="237" hits="1"></line>
						<line number="238" hits="1"></line>
						<line number="239" hits="1"></line>
						<line number="240" hits="1"></line>
						<line number="242" hits="1"></line>
						<line number="244" hits="1"></line>
						<line number="246" hits="1"></line>
						<line number="250" hits="1"></line>
						<line number="251" hits="1"></line>
						<line number="252" hits="1"></line>
						<line number="253" hits="1"></line>
						<line number="254" hits="1"></line>
					</lines>
				</class>
				<class name="-" filename="sHelper\environment.go" line-rate="1" branch-rate="0" complexity="0" line-count="6" line-hits="6">
					<methods>
						<method name="NewEnvironment" signature="" line-rate="1" branch-rate="0" complexity="0" line-count="0" line-hits="0">
							<lines>
								<line number="20" hits="1"></line>
								<line number="21" hits="1"></line>
								<line number="24" hits="1"></line>
								<line number="25" hits="1"></line>
								<line number="26" hits="1"></line>
								<line number="33" hits="1"></line>
							</lines>
						</method>
					</methods>
					<lines>
						<line number="20" hits="1"></line>
						<line number="21" hits="1"></line>
						<line number="24" hits="1"></line>
						<line number="25" hits="1"></line>
						<line number="26" hits="1"></line>
						<line number="33" hits="1"></line>
					</lines>
				</class>
				<class name="-" filename="sHelper\helper.go" line-rate="1" branch-rate="0" complexity="0" line-count="15" line-hits="15">
					<methods>
						<method name="NewHelper" signature="" line-rate="1" branch-rate="0" complexity="0" line-count="0" line-hits="0">
							<lines>
								<line number="23" hits="1"></line>
								<line number="26" hits="1"></line>
								<line number="35" hits="1"></line>
							</lines>
						</method>
						<method name="@61:13" signature="" line-rate="1" branch-rate="0" complexity="0" line-count="0" line-hits="0">
							<lines>
								<line number="62" hits="1"></line>
								<line number="65" hits="1"></line>
								<line number="66" hits="1"></line>
								<line number="67" hits="1"></line>
								<line number="68" hits="1"></line>
								<line number="69" hits="1"></line>
								<line number="70" hits="1"></line>
								<line number="75" hits="1"></line>
								<line number="76" hits="1"></line>
								<line number="80" hits="1"></line>
							</lines>
						</method>
						<method name="@70:9" signature="" line-rate="1" branch-rate="0" complexity="0" line-count="0" line-hits="0">
							<lines>
								<line number="71" hits="1"></line>
								<line number="72" hits="1"></line>
							</lines>
						</method>
					</methods>
					<lines>
						<line number="23" hits="1"></line>
						<line number="26" hits="1"></line>
						<line number="35" hits="1"></line>
						<line number="62" hits="1"></line>
						<line number="65" hits="1"></line>
						<line number="66" hits="1"></line>
						<line number="67" hits="1"></line>
						<line number="68" hits="1"></line>
						<line number="69" hits="1"></line>
						<line number="70" hits="1"></line>
						<line number="75" hits="1"></line>
						<line number="76" hits="1"></line>
						<line number="80" hits="1"></line>
						<line number="71" hits="1"></line>
						<line number="72" hits="1"></line>
					</lines>
				</class>
				<class name="Helper" filename="sHelper\helper.go" line-rate="1" branch-rate="0" complexity="0" line-count="21" line-hits="21">
					<methods>
						<method name="addSubscriber" signature="" line-rate="1" branch-rate="0" complexity="0" line-count="0" line-hits="0">
							<lines>
								<line number="39" hits="1"></line>
								<line number="40" hits="1"></line>
								<line number="41" hits="1"></line>
								<line number="42" hits="1"></line>
								<line number="43" hits="1"></line>
								<line number="45" hits="1"></line>
								<line number="46" hits="1"></line>
								<line number="47" hits="1"></line>
								<line number="49" hits="1"></line>
								<line number="51" hits="1"></line>
								<line number="52" hits="1"></line>
								<line number="53" hits="1"></line>
								<line number="56" hits="1"></line>
							</lines>
						</method>
						<method name="run" signature="" line-rate="1" branch-rate="0" complexity="0" line-count="0" line-hits="0">
							<lines>
								<line number="60" hits="1"></line>
								<line number="61" hits="1"></line>
							</lines>
						</method>
						<method name="createSubscriber" signature="" line-rate="1" branch-rate="0" complexity="0" line-count="0" line-hits="0">
							<lines>
								<line number="85" hits="1"></line>
								<line number="86" hits="1"></line>
							</lines>
						</method>
						<method name="createDatabase" signature="" line-rate="1" branch-rate="0" complexity="0" line-count="0" line-hits="0">
							<lines>
								<line number="90" hits="1"></line>
								<line number="91" hits="1"></line>
							</lines>
						</method>
						<method name="initApp" signature="" line-rate="1" branch-rate="0" complexity="0" line-count="0" line-hits="0">
							<lines>
								<line number="95" hits="1"></line>
								<line number="96" hits="1"></line>
							</lines>
						</method>
					</methods>
					<lines>
						<line number="39" hits="1"></line>
						<line number="40" hits="1"></line>
						<line number="41" hits="1"></line>
						<line number="42" hits="1"></line>
						<line number="43" hits="1"></line>
						<line number="45" hits="1"></line>
						<line number="46" hits="1"></line>
						<line number="47" hits="1"></line>
						<line number="49" hits="1"></line>
						<line number="51" hits="1"></line>
						<line number="52" hits="1"></line>
						<line number="53" hits="1"></line>
						<line number="56" hits="1"></line>
						<line number="60" hits="1"></line>
						<line number="61" hits="1"></line>
						<line number="85" hits="1"></line>
						<line number="86" hits="1"></line>
						<line number="90" hits="1"></line>
						<line number="91" hits="1"></line>
						<line number="95" hits="1"></line>
						<line number="96" hits="1"></line>
					</lines>
				</class>
				<class name="-" filename="sHelper\mockito.go" line-rate="1" branch-rate="0" complexity="0" line-count="21" line-hits="21">
					<methods>
						<method name="AssertEqual" signature="" line-rate="1" branch-rate="0" complexity="0" line-count="0" line-hits="0">
							<lines>
								<line number="20" hits="1"></line>
								<line number="21" hits="1"></line>
								<line number="22" hits="1"></line>
							</lines>
						</method>
						<method name="MockRunHelper" signature="" line-rate="1" branch-rate="0" complexity="0" line-count="0" line-hits="0">
							<lines>
								<line number="27" hits="1"></line>
								<line number="30" hits="1"></line>
								<line number="52" hits="1"></line>
								<line number="53" hits="1"></line>
							</lines>
						</method>
						<method name="@30:33" signature="" line-rate="1" branch-rate="0" complexity="0" line-count="0" line-hits="0">
							<lines>
								<line number="31" hits="1"></line>
								<line number="32" hits="1"></line>
								<line number="35" hits="1"></line>
								<line number="36" hits="1"></line>
								<line number="50" hits="1"></line>
							</lines>
						</method>
						<method name="@35:16" signature="" line-rate="NaN" branch-rate="0" complexity="0" line-count="0" line-hits="0">
							<lines></lines>
						</method>
						<method name="@36:26" signature="" line-rate="1" branch-rate="0" complexity="0" line-count="0" line-hits="0">
							<lines>
								<line number="37" hits="1"></line>
								<line number="38" hits="1"></line>
								<line number="39" hits="1"></line>
								<line number="40" hits="1"></line>
								<line number="41" hits="1"></line>
								<line number="42" hits="1"></line>
								<line number="45" hits="1"></line>
								<line number="46" hits="1"></line>
								<line number="48" hits="1"></line>
							</lines>
						</method>
					</methods>
					<lines>
						<line number="20" hits="1"></line>
						<line number="21" hits="1"></line>
						<line number="22" hits="1"></line>
						<line number="27" hits="1"></line>
						<line number="30" hits="1"></line>
						<line number="52" hits="1"></line>
						<line number="53" hits="1"></line>
						<line number="31" hits="1"></line>
						<line number="32" hits="1"></line>
						<line number="35" hits="1"></line>
						<line number="36" hits="1"></line>
						<line number="50" hits="1"></line>
						<line number="37" hits="1"></line>
						<line number="38" hits="1"></line>
						<line number="39" hits="1"></line>
						<line number="40" hits="1"></line>
						<line number="41" hits="1"></line>
						<line number="42" hits="1"></line>
						<line number="45" hits="1"></line>
						<line number="46" hits="1"></line>
						<line number="48" hits="1"></line>
					</lines>
				</class>
				<class name="Run" filename="sHelper\run.go" line-rate="1" branch-rate="0" complexity="0" line-count="30" line-hits="30">
					<methods>
						<method name="InitApp" signature="" line-rate="1" branch-rate="0" complexity="0" line-count="0" line-hits="0">
							<lines>
								<line number="88" hits="1"></line>
								<line number="89" hits="1"></line>
								<line number="92" hits="1"></line>
								<line number="93" hits="1"></line>
								<line number="94" hits="1"></line>
								<line number="95" hits="1"></line>
								<line number="98" hits="1"></line>
							</lines>
						</method>
						<method name="newMessage" signature="" line-rate="1" branch-rate="0" complexity="0" line-count="0" line-hits="0">
							<lines>
								<line number="102" hits="1"></line>
								<line number="103" hits="1"></line>
							</lines>
						</method>
						<method name="AddSubscriber" signature="" line-rate="1" branch-rate="0" complexity="0" line-count="0" line-hits="0">
							<lines>
								<line number="108" hits="1"></line>
								<line number="109" hits="1"></line>
								<line number="110" hits="1"></line>
							</lines>
						</method>
						<method name="listen" signature="" line-rate="1" branch-rate="0" complexity="0" line-count="0" line-hits="0">
							<lines>
								<line number="114" hits="1"></line>
								<line number="115" hits="1"></line>
								<line number="116" hits="1"></line>
								<line number="117" hits="1"></line>
								<line number="118" hits="1"></line>
								<line number="127" hits="1"></line>
								<line number="128" hits="1"></line>
								<line number="129" hits="1"></line>
								<line number="130" hits="1"></line>
								<line number="131" hits="1"></line>
								<line number="134" hits="1"></line>
							</lines>
						</method>
						<method name="Error" signature="" line-rate="1" branch-rate="0" complexity="0" line-count="0" line-hits="0">
							<lines>
								<line number="140" hits="1"></line>
								<line number="141" hits="1"></line>
								<line number="142" hits="1"></line>
								<line number="143" hits="1"></line>
								<line number="144" hits="1"></line>
							</lines>
						</method>
						<method name="PanicService" signature="" line-rate="1" branch-rate="0" complexity="0" line-count="0" line-hits="0">
							<lines>
								<line number="149" hits="1"></line>
								<line number="150" hits="1"></line>
							</lines>
						</method>
					</methods>
					<lines>
						<line number="88" hits="1"></line>
						<line number="89" hits="1"></line>
						<line number="92" hits="1"></line>
						<line number="93" hits="1"></line>
						<line number="94" hits="1"></line>
						<line number="95" hits="1"></line>
						<line number="98" hits="1"></line>
						<line number="102" hits="1"></line>
						<line number="103" hits="1"></line>
						<line number="108" hits="1"></line>
						<line number="109" hits="1"></line>
						<line number="110" hits="1"></line>
						<line number="114" hits="1"></line>
						<line number="115" hits="1"></line>
						<line number="116" hits="1"></line>
						<line number="117" hits="1"></line>
						<line number="118" hits="1"></line>
						<line number="127" hits="1"></line>
						<line number="128" hits="1"></line>
						<line number="129" hits="1"></line>
						<line number="130" hits="1"></line>
						<line number="131" hits="1"></line>
						<line number="134" hits="1"></line>
						<line number="140" hits="1"></line>
						<line number="141" hits="1"></line>
						<line number="142" hits="1"></line>
						<line number="143" hits="1"></line>
						<line number="144" hits="1"></line>
						<line number="149" hits="1"></line>
						<line number="150" hits="1"></line>
					</lines>
				</class>
				<class name="Msg" filename="sHelper\run.go" line-rate="1" branch-rate="0" complexity="0" line-count="2" line-hits="2">
					<methods>
						<method name="Index" signature="" line-rate="1" branch-rate="0" complexity="0" line-count="0" line-hits="0">
							<lines>
								<line number="56" hits="1"></line>
							</lines>
						</method>
						<method name="Id" signature="" line-rate="1" branch-rate="0" complexity="0" line-count="0" line-hits="0">
							<lines>
								<line number="60" hits="1"></line>
							</lines>
						</method>
					</methods>
					<lines>
						<line number="56" hits="1"></line>
						<line number="60" hits="1"></line>
					</lines>
				</class>
				<class name="-" filename="sHelper\run.go" line-rate="1" branch-rate="0" complexity="0" line-count="8" line-hits="8">
					<methods>
						<method name="NewRun" signature="" line-rate="1" branch-rate="0" complexity="0" line-count="0" line-hits="0">
							<lines>
								<line number="64" hits="1"></line>
								<line number="65" hits="1"></line>
								<line number="68" hits="1"></line>
								<line number="84" hits="1"></line>
							</lines>
						</method>
						<method name="@118:6" signature="" line-rate="1" branch-rate="0" complexity="0" line-count="0" line-hits="0">
							<lines>
								<line number="120" hits="1"></line>
								<line number="121" hits="1"></line>
								<line number="122" hits="1"></line>
								<line number="124" hits="1"></line>
							</lines>
						</method>
					</methods>
					<lines>
						<line number="64" hits="1"></line>
						<line number="65" hits="1"></line>
						<line number="68" hits="1"></line>
						<line number="84" hits="1"></line>
						<line number="120" hits="1"></line>
						<line number="121" hits="1"></line>
						<line number="122" hits="1"></line>
						<line number="124" hits="1"></line>
					</lines>
				</class>
				<class name="-" filename="sHelper\schema.go" line-rate="1" branch-rate="0" complexity="0" line-count="66" line-hits="66">
					<methods>
						<method name="isKind" signature="" line-rate="1" branch-rate="0" complexity="0" line-count="0" line-hits="0">
							<lines>
								<line number="79" hits="1"></line>
								<line number="80" hits="1"></line>
								<line number="81" hits="1"></line>
								<line number="82" hits="1"></line>
								<line number="83" hits="1"></line>
								<line number="86" hits="1"></line>
							</lines>
						</method>
						<method name="find" signature="" line-rate="1" branch-rate="0" complexity="0" line-count="0" line-hits="0">
							<lines>
								<line number="90" hits="1"></line>
								<line number="91" hits="1"></line>
								<line number="92" hits="1"></line>
								<line number="93" hits="1"></line>
								<line number="94" hits="1"></line>
								<line number="95" hits="1"></line>
								<line number="96" hits="1"></line>
								<line number="99" hits="1"></line>
								<line number="100" hits="1"></line>
								<line number="101" hits="1"></line>
								<line number="102" hits="1"></line>
								<line number="104" hits="1"></line>
							</lines>
						</method>
						<method name="verifyDefinition" signature="" line-rate="1" branch-rate="0" complexity="0" line-count="0" line-hits="0">
							<lines>
								<line number="111" hits="1"></line>
								<line number="112" hits="1"></line>
								<line number="113" hits="1"></line>
								<line number="114" hits="1"></line>
								<line number="115" hits="1"></line>
								<line number="118" hits="1"></line>
								<line number="119" hits="1"></line>
								<line number="120" hits="1"></line>
								<line number="121" hits="1"></line>
								<line number="122" hits="1"></line>
								<line number="123" hits="1"></line>
							</lines>
						</method>
						<method name="propValidation" signature="" line-rate="1" branch-rate="0" complexity="0" line-count="0" line-hits="0">
							<lines>
								<line number="129" hits="1"></line>
								<line number="130" hits="1"></line>
								<line number="131" hits="1"></line>
								<line number="132" hits="1"></line>
								<line number="133" hits="1"></line>
								<line number="135" hits="1"></line>
								<line number="138" hits="1"></line>
								<line number="139" hits="1"></line>
								<line number="140" hits="1"></line>
								<line number="142" hits="1"></line>
								<line number="143" hits="1"></line>
								<line number="144" hits="1"></line>
								<line number="145" hits="1"></line>
								<line number="146" hits="1"></line>
								<line number="148" hits="1"></line>
								<line number="149" hits="1"></line>
								<line number="150" hits="1"></line>
								<line number="151" hits="1"></line>
								<line number="152" hits="1"></line>
								<line number="155" hits="1"></line>
								<line number="156" hits="1"></line>
								<line number="159" hits="1"></line>
							</lines>
						</method>
						<method name="findField" signature="" line-rate="1" branch-rate="0" complexity="0" line-count="0" line-hits="0">
							<lines>
								<line number="164" hits="1"></line>
								<line number="165" hits="1"></line>
								<line number="166" hits="1"></line>
								<line number="168" hits="1"></line>
								<line number="169" hits="1"></line>
								<line number="170" hits="1"></line>
								<line number="171" hits="1"></line>
								<line number="172" hits="1"></line>
								<line number="174" hits="1"></line>
								<line number="175" hits="1"></line>
								<line number="176" hits="1"></line>
								<line number="177" hits="1"></line>
								<line number="178" hits="1"></line>
								<line number="179" hits="1"></line>
								<line number="185" hits="1"></line>
							</lines>
						</method>
					</methods>
					<lines>
						<line number="79" hits="1"></line>
						<line number="80" hits="1"></line>
						<line number="81" hits="1"></line>
						<line number="82" hits="1"></line>
						<line number="83" hits="1"></line>
						<line number="86" hits="1"></line>
						<line number="90" hits="1"></line>
						<line number="91" hits="1"></line>
						<line number="92" hits="1"></line>
						<line number="93" hits="1"></line>
						<line number="94" hits="1"></line>
						<line number="95" hits="1"></line>
						<line number="96" hits="1"></line>
						<line number="99" hits="1"></line>
						<line number="100" hits="1"></line>
						<line number="101" hits="1"></line>
						<line number="102" hits="1"></line>
						<line number="104" hits="1"></line>
						<line number="111" hits="1"></line>
						<line number="112" hits="1"></line>
						<line number="113" hits="1"></line>
						<line number="114" hits="1"></line>
						<line number="115" hits="1"></line>
						<line number="118" hits="1"></line>
						<line number="119" hits="1"></line>
						<line number="120" hits="1"></line>
						<line number="121" hits="1"></line>
						<line number="122" hits="1"></line>
						<line number="123" hits="1"></line>
						<line number="129" hits="1"></line>
						<line number="130" hits="1"></line>
						<line number="131" hits="1"></line>
						<line number="132" hits="1"></line>
						<line number="133" hits="1"></line>
						<line number="135" hits="1"></line>
						<line number="138" hits="1"></line>
						<line number="139" hits="1"></line>
						<line number="140" hits="1"></line>
						<line number="142" hits="1"></line>
						<line number="143" hits="1"></line>
						<line number="144" hits="1"></line>
						<line number="145" hits="1"></line>
						<line number="146" hits="1"></line>
						<line number="148" hits="1"></line>
						<line number="149" hits="1"></line>
						<line number="150" hits="1"></line>
						<line number="151" hits="1"></line>
						<line number="152" hits="1"></line>
						<line number="155" hits="1"></line>
						<line number="156" hits="1"></line>
						<line number="159" hits="1"></line>
						<line number="164" hits="1"></line>
						<line number="165" hits="1"></line>
						<line number="166" hits="1"></line>
						<line number="168" hits="1"></line>
						<line number="169" hits="1"></line>
						<line number="170" hits="1"></line>
						<line number="171" hits="1"></line>
						<line number="172" hits="1"></line>
						<line number="174" hits="1"></line>
						<line number="175" hits="1"></line>
						<line number="176" hits="1"></line>
						<line number="177" hits="1"></line>
						<line number="178" hits="1"></line>
						<line number="179" hits="1"></line>
						<line number="185" hits="1"></line>
					</lines>
				</class>
				<class name="Schema" filename="sHelper\schema.go" line-rate="1" branch-rate="0" complexity="0" line-count="80" line-hits="80">
					<methods>
						<method name="Validate" signature="" line-rate="1" branch-rate="0" complexity="0" line-count="0" line-hits="0">
							<lines>
								<line number="189" hits="1"></line>
								<line number="190" hits="1"></line>
								<line number="192" hits="1"></line>
								<line number="193" hits="1"></line>
								<line number="195" hits="1"></line>
								<line number="196" hits="1"></line>
								<line number="197" hits="1"></line>
								<line number="198" hits="1"></line>
								<line number="200" hits="1"></line>
								<line number="203" hits="1"></line>
							</lines>
						</method>
						<method name="validateSchema" signature="" line-rate="1" branch-rate="0" complexity="0" line-count="0" line-hits="0">
							<lines>
								<line number="207" hits="1"></line>
								<line number="208" hits="1"></line>
								<line number="209" hits="1"></line>
								<line number="210" hits="1"></line>
								<line number="212" hits="1"></line>
								<line number="213" hits="1"></line>
								<line number="214" hits="1"></line>
								<line number="215" hits="1"></line>
								<line number="217" hits="1"></line>
								<line number="218" hits="1"></line>
								<line number="221" hits="1"></line>
								<line number="224" hits="1"></line>
								<line number="226" hits="1"></line>
								<line number="227" hits="1"></line>
								<line number="228" hits="1"></line>
								<line number="229" hits="1"></line>
								<line number="230" hits="1"></line>
								<line number="231" hits="1"></line>
								<line number="236" hits="1"></line>
							</lines>
						</method>
						<method name="Parse" signature="" line-rate="1" branch-rate="0" complexity="0" line-count="0" line-hits="0">
							<lines>
								<line number="240" hits="1"></line>
								<line number="241" hits="1"></line>
								<line number="242" hits="1"></line>
								<line number="243" hits="1"></line>
								<line number="244" hits="1"></line>
								<line number="246" hits="1"></line>
								<line number="247" hits="1"></line>
								<line number="248" hits="1"></line>
								<line number="249" hits="1"></line>
								<line number="251" hits="1"></line>
								<line number="254" hits="1"></line>
								<line number="255" hits="1"></line>
								<line number="256" hits="1"></line>
								<line number="257" hits="1"></line>
								<line number="258" hits="1"></line>
								<line number="259" hits="1"></line>
								<line number="260" hits="1"></line>
								<line number="261" hits="1"></line>
								<line number="262" hits="1"></line>
								<line number="263" hits="1"></line>
								<line number="265" hits="1"></line>
								<line number="271" hits="1"></line>
								<line number="272" hits="1"></line>
								<line number="273" hits="1"></line>
								<line number="274" hits="1"></line>
								<line number="275" hits="1"></line>
								<line number="278" hits="1"></line>
								<line number="279" hits="1"></line>
								<line number="282" hits="1"></line>
								<line number="284" hits="1"></line>
								<line number="285" hits="1"></line>
								<line number="286" hits="1"></line>
								<line number="287" hits="1"></line>
								<line number="288" hits="1"></line>
								<line number="289" hits="1"></line>
								<line number="290" hits="1"></line>
								<line number="291" hits="1"></line>
								<line number="292" hits="1"></line>
								<line number="293" hits="1"></line>
								<line number="294" hits="1"></line>
								<line number="295" hits="1"></line>
								<line number="298" hits="1"></line>
								<line number="299" hits="1"></line>
								<line number="303" hits="1"></line>
								<line number="304" hits="1"></line>
								<line number="305" hits="1"></line>
								<line number="306" hits="1"></line>
								<line number="310" hits="1"></line>
								<line number="311" hits="1"></line>
								<line number="312" hits="1"></line>
								<line number="318" hits="1"></line>
							</lines>
						</method>
					</methods>
					<lines>
						<line number="189" hits="1"></line>
						<line number="190" hits="1"></line>
						<line number="192" hits="1"></line>
						<line number="193" hits="1"></line>
						<line number="195" hits="1"></line>
						<line number="196" hits="1"></line>
						<line number="197" hits="1"></line>
						<line number="198" hits="1"></line>
						<line number="200" hits="1"></line>
						<line number="203" hits="1"></line>
						<line number="207" hits="1"></line>
						<line number="208" hits="1"></line>
						<line number="209" hits="1"></line>
						<line number="210" hits="1"></line>
						<line number="212" hits="1"></line>
						<line number="213" hits="1"></line>
						<line number="214" hits="1"></line>
						<line number="215" hits="1"></line>
						<line number="217" hits="1"></line>
						<line number="218" hits="1"></line>
						<line number="221" hits="1"></line>
						<line number="224" hits="1"></line>
						<line number="226" hits="1"></line>
						<line number="227" hits="1"></line>
						<line number="228" hits="1"></line>
						<line number="229" hits="1"></line>
						<line number="230" hits="1"></line>
						<line number="231" hits="1"></line>
						<line number="236" hits="1"></line>
						<line number="240" hits="1"></line>
						<line number="241" hits="1"></line>
						<line number="242" hits="1"></line>
						<line number="243" hits="1"></line>
						<line number="244" hits="1"></line>
						<line number="246" hits="1"></line>
						<line number="247" hits="1"></line>
						<line number="248" hits="1"></line>
						<line number="249" hits="1"></line>
						<line number="251" hits="1"></line>
						<line number="254" hits="1"></line>
						<line number="255" hits="1"></line>
						<line number="256" hits="1"></line>
						<line number="257" hits="1"></line>
						<line number="258" hits="1"></line>
						<line number="259" hits="1"></line>
						<line number="260" hits="1"></line>
						<line number="261" hits="1"></line>
						<line number="262" hits="1"></line>
						<line number="263" hits="1"></line>
						<line number="265" hits="1"></line>
						<line number="271" hits="1"></line>
						<line number="272" hits="1"></line>
						<line number="273" hits="1"></line>
						<line number="274" hits="1"></line>
						<line number="275" hits="1"></line>
						<line number="278" hits="1"></line>
						<line number="279" hits="1"></line>
						<line number="282" hits="1"></line>
						<line number="284" hits="1"></line>
						<line number="285" hits="1"></line>
						<line number="286" hits="1"></line>
						<line number="287" hits="1"></line>
						<line number="288" hits="1"></line>
						<line number="289" hits="1"></line>
						<line number="290" hits="1"></line>
						<line number="291" hits="1"></line>
						<line number="292" hits="1"></line>
						<line number="293" hits="1"></line>
						<line number="294" hits="1"></line>
						<line number="295" hits="1"></line>
						<line number="298" hits="1"></line>
						<line number="299" hits="1"></line>
						<line number="303" hits="1"></line>
						<line number="304" hits="1"></line>
						<line number="305" hits="1"></line>
						<line number="306" hits="1"></line>
						<line number="310" hits="1"></line>
						<line number="311" hits="1"></line>
						<line number="312" hits="1"></line>
						<line number="318" hits="1"></line>
					</lines>
				</class>
				<class name="-" filename="sHelper\subscriber.go" line-rate="1" branch-rate="0" complexity="0" line-count="6" line-hits="6">
					<methods>
						<method name="NewSubscriber" signature="" line-rate="1" branch-rate="0" complexity="0" line-count="0" line-hits="0">
							<lines>
								<line number="31" hits="1"></line>
								<line number="32" hits="1"></line>
								<line number="35" hits="1"></line>
								<line number="47" hits="1"></line>
								<line number="48" hits="1"></line>
								<line number="50" hits="1"></line>
							</lines>
						</method>
					</methods>
					<lines>
						<line number="31" hits="1"></line>
						<line number="32" hits="1"></line>
						<line number="35" hits="1"></line>
						<line number="47" hits="1"></line>
						<line number="48" hits="1"></line>
						<line number="50" hits="1"></line>
					</lines>
				</class>
				<class name="Subscriber" filename="sHelper\subscriber.go" line-rate="1" branch-rate="0" complexity="0" line-count="30" line-hits="30">
					<methods>
						<method name="Start" signature="" line-rate="1" branch-rate="0" complexity="0" line-count="0" line-hits="0">
							<lines>
								<line number="54" hits="1"></line>
							</lines>
						</method>
						<method name="End" signature="" line-rate="1" branch-rate="0" complexity="0" line-count="0" line-hits="0">
							<lines>
								<line number="58" hits="1"></line>
							</lines>
						</method>
						<method name="subscribe" signature="" line-rate="1" branch-rate="0" complexity="0" line-count="0" line-hits="0">
							<lines>
								<line number="66" hits="1"></line>
								<line number="67" hits="1"></line>
							</lines>
						</method>
						<method name="getConsumerInfo" signature="" line-rate="1" branch-rate="0" complexity="0" line-count="0" line-hits="0">
							<lines>
								<line number="71" hits="1"></line>
								<line number="72" hits="1"></line>
							</lines>
						</method>
						<method name="doFetch" signature="" line-rate="1" branch-rate="0" complexity="0" line-count="0" line-hits="0">
							<lines>
								<line number="76" hits="1"></line>
								<line number="77" hits="1"></line>
							</lines>
						</method>
						<method name="fetch" signature="" line-rate="1" branch-rate="0" complexity="0" line-count="0" line-hits="0">
							<lines>
								<line number="81" hits="1"></line>
								<line number="82" hits="1"></line>
								<line number="85" hits="1"></line>
								<line number="86" hits="1"></line>
								<line number="87" hits="1"></line>
								<line number="88" hits="1"></line>
								<line number="89" hits="1"></line>
								<line number="95" hits="1"></line>
								<line number="99" hits="1"></line>
							</lines>
						</method>
						<method name="publish" signature="" line-rate="1" branch-rate="0" complexity="0" line-count="0" line-hits="0">
							<lines>
								<line number="103" hits="1"></line>
								<line number="104" hits="1"></line>
								<line number="105" hits="1"></line>
								<line number="107" hits="1"></line>
							</lines>
						</method>
						<method name="publishMessage" signature="" line-rate="1" branch-rate="0" complexity="0" line-count="0" line-hits="0">
							<lines>
								<line number="111" hits="1"></line>
								<line number="112" hits="1"></line>
								<line number="115" hits="1"></line>
								<line number="116" hits="1"></line>
								<line number="118" hits="1"></line>
								<line number="120" hits="1"></line>
								<line number="121" hits="1"></line>
								<line number="122" hits="1"></line>
								<line number="124" hits="1"></line>
							</lines>
						</method>
					</methods>
					<lines>
						<line number="54" hits="1"></line>
						<line number="58" hits="1"></line>
						<line number="66" hits="1"></line>
						<line number="67" hits="1"></line>
						<line number="71" hits="1"></line>
						<line number="72" hits="1"></line>
						<line number="76" hits="1"></line>
						<line number="77" hits="1"></line>
						<line number="81" hits="1"></line>
						<line number="82" hits="1"></line>
						<line number="85" hits="1"></line>
						<line number="86" hits="1"></line>
						<line number="87" hits="1"></line>
						<line number="88" hits="1"></line>
						<line number="89" hits="1"></line>
						<line number="95" hits="1"></line>
						<line number="99" hits="1"></line>
						<line number="103" hits="1"></line>
						<line number="104" hits="1"></line>
						<line number="105" hits="1"></line>
						<line number="107" hits="1"></line>
						<line number="111" hits="1"></line>
						<line number="112" hits="1"></line>
						<line number="115" hits="1"></line>
						<line number="116" hits="1"></line>
						<line number="118" hits="1"></line>
						<line number="120" hits="1"></line>
						<line number="121" hits="1"></line>
						<line number="122" hits="1"></line>
						<line number="124" hits="1"></line>
					</lines>
				</class>
				<class name="Email" filename="sHelper\email.go" line-rate="1" branch-rate="0" complexity="0" line-count="91" line-hits="91">
					<methods>
						<method name="To" signature="" line-rate="1" branch-rate="0" complexity="0" line-count="0" line-hits="0">
							<lines>
								<line number="91" hits="1"></line>
							</lines>
						</method>
						<method name="Cc" signature="" line-rate="1" branch-rate="0" complexity="0" line-count="0" line-hits="0">
							<lines>
								<line number="95" hits="1"></line>
							</lines>
						</method>
						<method name="Bcc" signature="" line-rate="1" branch-rate="0" complexity="0" line-count="0" line-hits="0">
							<lines>
								<line number="99" hits="1"></line>
							</lines>
						</method>
						<method name="Attachment" signature="" line-rate="1" branch-rate="0" complexity="0" line-count="0" line-hits="0">
							<lines>
								<line number="103" hits="1"></line>
								<line number="104" hits="1"></line>
								<line number="105" hits="1"></line>
								<line number="107" hits="1"></line>
								<line number="108" hits="1"></line>
								<line number="109" hits="1"></line>
								<line number="110" hits="1"></line>
								<line number="111" hits="1"></line>
								<line number="113" hits="1"></line>
								<line number="114" hits="1"></line>
								<line number="119" hits="1"></line>
								<line number="122" hits="1"></line>
							</lines>
						</method>
						<method name="send" signature="" line-rate="1" branch-rate="0" complexity="0" line-count="0" line-hits="0">
							<lines>
								<line number="126" hits="1"></line>
								<line number="127" hits="1"></line>
								<line number="133" hits="1"></line>
								<line number="134" hits="1"></line>
								<line number="135" hits="1"></line>
								<line number="136" hits="1"></line>
								<line number="137" hits="1"></line>
								<line number="139" hits="1"></line>
								<line number="140" hits="1"></line>
								<line number="142" hits="1"></line>
								<line number="144" hits="1"></line>
								<line number="145" hits="1"></line>
								<line number="147" hits="1"></line>
								<line number="149" hits="1"></line>
								<line number="150" hits="1"></line>
								<line number="152" hits="1"></line>
								<line number="154" hits="1"></line>
								<line number="155" hits="1"></line>
								<line number="157" hits="1"></line>
								<line number="159" hits="1"></line>
								<line number="160" hits="1"></line>
								<line number="162" hits="1"></line>
								<line number="163" hits="1"></line>
								<line number="164" hits="1"></line>
								<line number="166" hits="1"></line>
								<line number="167" hits="1"></line>
								<line number="168" hits="1"></line>
								<line number="169" hits="1"></line>
								<line number="170" hits="1"></line>
								<line number="174" hits="1"></line>
								<line number="175" hits="1"></line>
								<line number="177" hits="1"></line>
								<line number="178" hits="1"></line>
								<line number="180" hits="1"></line>
								<line number="181" hits="1"></line>
								<line number="188" hits="1"></line>
								<line number="189" hits="1"></line>
								<line number="193" hits="1"></line>
							</lines>
						</method>
						<method name="initAuth" signature="" line-rate="1" branch-rate="0" complexity="0" line-count="0" line-hits="0">
							<lines>
								<line number="197" hits="1"></line>
								<line number="198" hits="1"></line>
								<line number="202" hits="1"></line>
								<line number="203" hits="1"></line>
								<line number="204" hits="1"></line>
								<line number="205" hits="1"></line>
								<line number="206" hits="1"></line>
								<line number="209" hits="1"></line>
							</lines>
						</method>
						<method name="addAttachments" signature="" line-rate="1" branch-rate="0" complexity="0" line-count="0" line-hits="0">
							<lines>
								<line number="213" hits="1"></line>
								<line number="214" hits="1"></line>
								<line number="215" hits="1"></line>
								<line number="216" hits="1"></line>
								<line number="217" hits="1"></line>
								<line number="218" hits="1"></line>
								<line number="219" hits="1"></line>
								<line number="220" hits="1"></line>
								<line number="221" hits="1"></line>
								<line number="223" hits="1"></line>
							</lines>
						</method>
						<method name="addAddress" signature="" line-rate="1" branch-rate="0" complexity="0" line-count="0" line-hits="0">
							<lines>
								<line number="227" hits="1"></line>
								<line number="230" hits="1"></line>
								<line number="231" hits="1"></line>
							</lines>
						</method>
						<method name="addRcpt" signature="" line-rate="1" branch-rate="0" complexity="0" line-count="0" line-hits="0">
							<lines>
								<line number="235" hits="1"></line>
								<line number="236" hits="1"></line>
								<line number="237" hits="1"></line>
								<line number="239" hits="1"></line>
								<line number="240" hits="1"></line>
								<line number="242" hits="1"></line>
							</lines>
						</method>
						<method name="isEmailValid" signature="" line-rate="1" branch-rate="0" complexity="0" line-count="0" line-hits="0">
							<lines>
								<line number="246" hits="1"></line>
								<line number="247" hits="1"></line>
								<line number="249" hits="1"></line>
								<line number="250" hits="1"></line>
								<line number="252" hits="1"></line>
								<line number="253" hits="1"></line>
								<line number="254" hits="1"></line>
								<line number="255" hits="1"></line>
								<line number="257" hits="1"></line>
							</lines>
						</method>
						<method name="getSmtpUsername" signature="" line-rate="1" branch-rate="0" complexity="0" line-count="0" line-hits="0">
							<lines>
								<line number="261" hits="1"></line>
							</lines>
						</method>
						<method name="getSmtpPassword" signature="" line-rate="1" branch-rate="0" complexity="0" line-count="0" line-hits="0">
							<lines>
								<line number="265" hits="1"></line>
							</lines>
						</method>
					</methods>
					<lines>
						<line number="91" hits="1"></line>
						<line number="95" hits="1"></line>
						<line number="99" hits="1"></line>
						<line number="103" hits="1"></line>
						<line number="104" hits="1"></line>
						<line number="105" hits="1"></line>
						<line number="107" hits="1"></line>
						<line number="108" hits="1"></line>
						<line number="109" hits="1"></line>
						<line number="110" hits="1"></line>
						<line number="111" hits="1"></line>
						<line number="113" hits="1"></line>
						<line number="114" hits="1"></line>
						<line number="119" hits="1"></line>
						<line number="122" hits="1"></line>
						<line number="126" hits="1"></line>
						<line number="127" hits="1"></line>
						<line number="133" hits="1"></line>
						<line number="134" hits="1"></line>
						<line number="135" hits="1"></line>
						<line number="136" hits="1"></line>
						<line number="137" hits="1"></line>
						<line number="139" hits="1"></line>
						<line number="140" hits="1"></line>
						<line number="142" hits="1"></line>
						<line number="144" hits="1"></line>
						<line number="145" hits="1"></line>
						<line number="147" hits="1"></line>
						<line number="149" hits="1"></line>
						<line number="150" hits="1"></line>
						<line number="152" hits="1"></line>
						<line number="154" hits="1"></line>
						<line number="155" hits="1"></line>
						<line number="157" hits="1"></line>
						<line number="159" hits="1"></line>
						<line number="160" hits="1"></line>
						<line number="162" hits="1"></line>
						<line number="163" hits="1"></line>
						<line number="164" hits="1"></line>
						<line number="166" hits="1"></line>
						<line number="167" hits="1"></line>
						<line number="168" hits="1"></line>
						<line number="169" hits="1"></line>
						<line number="170" hits="1"></line>
						<line number="174" hits="1"></line>
						<line number="175" hits="1"></line>
						<line number="177" hits="1"></line>
						<line number="178" hits="1"></line>
						<line number="180" hits="1"></line>
						<line number="181" hits="1"></line>
						<line number="188" hits="1"></line>
						<line number="189" hits="1"></line>
						<line number="193" hits="1"></line>
						<line number="197" hits="1"></line>
						<line number="198" hits="1"></line>
						<line number="202" hits="1"></line>
						<line number="203" hits="1"></line>
						<line number="204" hits="1"></line>
						<line number="205" hits="1"></line>
						<line number="206" hits="1"></line>
						<line number="209" hits="1"></line>
						<line number="213" hits="1"></line>
						<line number="214" hits="1"></line>
						<line number="215" hits="1"></line>
						<line number="216" hits="1"></line>
						<line number="217" hits="1"></line>
						<line number="218" hits="1"></line>
						<line number="219" hits="1"></line>
						<line number="220" hits="1"></line>
						<line number="221" hits="1"></line>
						<line number="223" hits="1"></line>
						<line number="227" hits="1"></line>
						<line number="230" hits="1"></line>
						<line number="231" hits="1"></line>
						<line number="235" hits="1"></line>
						<line number="236" hits="1"></line>
						<line number="237" hits="1"></line>
						<line number="239" hits="1"></line>
						<line number="240" hits="1"></line>
						<line number="242" hits="1"></line>
						<line number="246" hits="1"></line>
						<line number="247" hits="1"></line>
						<line number="249" hits="1"></line>
						<line number="250" hits="1"></line>
						<line number="252" hits="1"></line>
						<line number="253" hits="1"></line>
						<line number="254" hits="1"></line>
						<line number="255" hits="1"></line>
						<line number="257" hits="1"></line>
						<line number="261" hits="1"></line>
						<line number="265" hits="1"></line>
					</lines>
				</class>
				<class name="emailItem" filename="sHelper\email.go" line-rate="1" branch-rate="0" complexity="0" line-count="5" line-hits="5">
					<methods>
						<method name="Name" signature="" line-rate="1" branch-rate="0" complexity="0" line-count="0" line-hits="0">
							<lines>
								<line number="59" hits="1"></line>
								<line number="60" hits="1"></line>
							</lines>
						</method>
						<method name="String" signature="" line-rate="1" branch-rate="0" complexity="0" line-count="0" line-hits="0">
							<lines>
								<line number="64" hits="1"></line>
								<line number="65" hits="1"></line>
								<line number="67" hits="1"></line>
							</lines>
						</method>
					</methods>
					<lines>
						<line number="59" hits="1"></line>
						<line number="60" hits="1"></line>
						<line number="64" hits="1"></line>
						<line number="65" hits="1"></line>
						<line number="67" hits="1"></line>
					</lines>
				</class>
				<class name="-" filename="sHelper\email.go" line-rate="1" branch-rate="0" complexity="0" line-count="6" line-hits="6">
					<methods>
						<method name="NewEmail" signature="" line-rate="1" branch-rate="0" complexity="0" line-count="0" line-hits="0">
							<lines>
								<line number="71" hits="1"></line>
								<line number="72" hits="1"></line>
								<line number="73" hits="1"></line>
								<line number="84" hits="1"></line>
								<line number="85" hits="1"></line>
								<line number="87" hits="1"></line>
							</lines>
						</method>
					</methods>
					<lines>
						<line number="71" hits="1"></line>
						<line number="72" hits="1"></line>
						<line number="73" hits="1"></line>
						<line number="84" hits="1"></line>
						<line number="85" hits="1"></line>
						<line number="87" hits="1"></line>
					</lines>
				</class>
				<class name="-" filename="sHelper\error.go" line-rate="1" branch-rate="0" complexity="0" line-count="3" line-hits="3">
					<methods>
						<method name="NewError" signature="" line-rate="1" branch-rate="0" complexity="0" line-count="0" line-hits="0">
							<lines>
								<line number="12" hits="1"></line>
								<line number="13" hits="1"></line>
								<line number="15" hits="1"></line>
							</lines>
						</method>
					</methods>
					<lines>
						<line number="12" hits="1"></line>
						<line number="13" hits="1"></line>
						<line number="15" hits="1"></line>
					</lines>
				</class>
				<class name="sErrorHelper" filename="sHelper\error.go" line-rate="1" branch-rate="0" complexity="0" line-count="14" line-hits="14">
					<methods>
						<method name="factory" signature="" line-rate="1" branch-rate="0" complexity="0" line-count="0" line-hits="0">
							<lines>
								<line number="19" hits="1"></line>
							</lines>
						</method>
						<method name="AlreadyExists" signature="" line-rate="1" branch-rate="0" complexity="0" line-count="0" line-hits="0">
							<lines>
								<line number="24" hits="1"></line>
							</lines>
						</method>
						<method name="ItemNotFound" signature="" line-rate="1" branch-rate="0" complexity="0" line-count="0" line-hits="0">
							<lines>
								<line number="28" hits="1"></line>
							</lines>
						</method>
						<method name="SqlError" signature="" line-rate="1" branch-rate="0" complexity="0" line-count="0" line-hits="0">
							<lines>
								<line number="33" hits="1"></line>
								<line number="34" hits="1"></line>
							</lines>
						</method>
						<method name="MustBePopulated" signature="" line-rate="1" branch-rate="0" complexity="0" line-count="0" line-hits="0">
							<lines>
								<line number="38" hits="1"></line>
							</lines>
						</method>
						<method name="MustBeType" signature="" line-rate="1" branch-rate="0" complexity="0" line-count="0" line-hits="0">
							<lines>
								<line number="42" hits="1"></line>
							</lines>
						</method>
						<method name="AllowValues" signature="" line-rate="1" branch-rate="0" complexity="0" line-count="0" line-hits="0">
							<lines>
								<line number="46" hits="1"></line>
							</lines>
						</method>
						<method name="NoDbConnection" signature="" line-rate="1" branch-rate="0" complexity="0" line-count="0" line-hits="0">
							<lines>
								<line number="51" hits="1"></line>
							</lines>
						</method>
						<method name="FileNotFound" signature="" line-rate="1" branch-rate="0" complexity="0" line-count="0" line-hits="0">
							<lines>
								<line number="55" hits="1"></line>
							</lines>
						</method>
						<method name="InvalidJson" signature="" line-rate="1" branch-rate="0" complexity="0" line-count="0" line-hits="0">
							<lines>
								<line number="60" hits="1"></line>
							</lines>
						</method>
						<method name="InvalidEmailAddress" signature="" line-rate="1" branch-rate="0" complexity="0" line-count="0" line-hits="0">
							<lines>
								<line number="64" hits="1"></line>
							</lines>
						</method>
						<method name="InvalidParameters" signature="" line-rate="1" branch-rate="0" complexity="0" line-count="0" line-hits="0">
							<lines>
								<line number="69" hits="1"></line>
							</lines>
						</method>
						<method name="InternalError" signature="" line-rate="1" branch-rate="0" complexity="0" line-count="0" line-hits="0">
							<lines>
								<line number="74" hits="1"></line>
							</lines>
						</method>
					</methods>
					<lines>
						<line number="19" hits="1"></line>
						<line number="24" hits="1"></line>
						<line number="28" hits="1"></line>
						<line number="33" hits="1"></line>
						<line number="34" hits="1"></line>
						<line number="38" hits="1"></line>
						<line number="42" hits="1"></line>
						<line number="46" hits="1"></line>
						<line number="51" hits="1"></line>
						<line number="55" hits="1"></line>
						<line number="60" hits="1"></line>
						<line number="64" hits="1"></line>
						<line number="69" hits="1"></line>
						<line number="74" hits="1"></line>
					</lines>
				</class>
			</classes>
		</package>
	</packages>
	<sources>
		<source>C:\git_sote\backend\soteapps\packages</source>
	</sources>
</coverage>
