mode: set
/Users/syacko/workspace/sotesoft/src/packages/sDatabase/sconnection.go:50.133,53.138 2 1
/Users/syacko/workspace/sotesoft/src/packages/sDatabase/sconnection.go:74.2,74.8 1 1
/Users/syacko/workspace/sotesoft/src/packages/sDatabase/sconnection.go:53.138,54.76 1 0
/Users/syacko/workspace/sotesoft/src/packages/sDatabase/sconnection.go:55.8,59.98 3 1
/Users/syacko/workspace/sotesoft/src/packages/sDatabase/sconnection.go:59.98,60.45 1 0
/Users/syacko/workspace/sotesoft/src/packages/sDatabase/sconnection.go:60.46,62.5 0 0
/Users/syacko/workspace/sotesoft/src/packages/sDatabase/sconnection.go:62.10,64.31 2 0
/Users/syacko/workspace/sotesoft/src/packages/sDatabase/sconnection.go:68.5,69.56 2 0
/Users/syacko/workspace/sotesoft/src/packages/sDatabase/sconnection.go:64.31,66.39 2 0
/Users/syacko/workspace/sotesoft/src/packages/sDatabase/sconnection.go:78.140,81.17 2 1
/Users/syacko/workspace/sotesoft/src/packages/sDatabase/sconnection.go:91.2,93.8 2 1
/Users/syacko/workspace/sotesoft/src/packages/sDatabase/sconnection.go:82.22,82.22 0 1
/Users/syacko/workspace/sotesoft/src/packages/sDatabase/sconnection.go:83.20,83.20 0 0
/Users/syacko/workspace/sotesoft/src/packages/sDatabase/sconnection.go:84.21,84.21 0 0
/Users/syacko/workspace/sotesoft/src/packages/sDatabase/sconnection.go:85.23,85.23 0 0
/Users/syacko/workspace/sotesoft/src/packages/sDatabase/sconnection.go:86.10,88.34 2 1
/Users/syacko/workspace/sotesoft/src/packages/sDatabase/sconnection.go:98.90,102.16 3 1
/Users/syacko/workspace/sotesoft/src/packages/sDatabase/sconnection.go:109.2,109.8 1 1
/Users/syacko/workspace/sotesoft/src/packages/sDatabase/sconnection.go:102.16,105.3 2 0
/Users/syacko/workspace/sotesoft/src/packages/sDatabase/sconnection.go:105.8,107.3 1 1
/Users/syacko/workspace/sotesoft/src/packages/sDatabase/sconnection.go:113.70,116.32 2 1
/Users/syacko/workspace/sotesoft/src/packages/sDatabase/sconnection.go:132.2,132.8 1 1
/Users/syacko/workspace/sotesoft/src/packages/sDatabase/sconnection.go:116.32,119.3 2 1
/Users/syacko/workspace/sotesoft/src/packages/sDatabase/sconnection.go:119.8,125.17 5 1
/Users/syacko/workspace/sotesoft/src/packages/sDatabase/sconnection.go:129.3,129.23 1 1
/Users/syacko/workspace/sotesoft/src/packages/sDatabase/sconnection.go:125.17,128.4 2 0
/Users/syacko/workspace/sotesoft/src/packages/sDatabase/sconnection.go:135.53,139.27 3 1
/Users/syacko/workspace/sotesoft/src/packages/sDatabase/sconnection.go:143.2,143.8 1 1
/Users/syacko/workspace/sotesoft/src/packages/sDatabase/sconnection.go:139.27,141.3 1 1
/Users/syacko/workspace/sotesoft/src/packages/sDatabase/sconstraininfo.go:22.133,25.67 2 1
/Users/syacko/workspace/sotesoft/src/packages/sDatabase/sconstraininfo.go:79.2,79.8 1 1
/Users/syacko/workspace/sotesoft/src/packages/sDatabase/sconstraininfo.go:25.67,34.17 5 1
/Users/syacko/workspace/sotesoft/src/packages/sDatabase/sconstraininfo.go:38.3,42.21 4 1
/Users/syacko/workspace/sotesoft/src/packages/sDatabase/sconstraininfo.go:57.3,61.17 4 1
/Users/syacko/workspace/sotesoft/src/packages/sDatabase/sconstraininfo.go:65.3,67.21 3 1
/Users/syacko/workspace/sotesoft/src/packages/sDatabase/sconstraininfo.go:76.3,76.23 1 1
/Users/syacko/workspace/sotesoft/src/packages/sDatabase/sconstraininfo.go:34.17,36.4 1 0
/Users/syacko/workspace/sotesoft/src/packages/sDatabase/sconstraininfo.go:42.21,44.18 2 1
/Users/syacko/workspace/sotesoft/src/packages/sDatabase/sconstraininfo.go:48.4,48.17 1 1
/Users/syacko/workspace/sotesoft/src/packages/sDatabase/sconstraininfo.go:44.18,46.5 1 0
/Users/syacko/workspace/sotesoft/src/packages/sDatabase/sconstraininfo.go:48.17,52.5 3 1
/Users/syacko/workspace/sotesoft/src/packages/sDatabase/sconstraininfo.go:52.10,54.5 1 1
/Users/syacko/workspace/sotesoft/src/packages/sDatabase/sconstraininfo.go:61.17,63.4 1 0
/Users/syacko/workspace/sotesoft/src/packages/sDatabase/sconstraininfo.go:67.21,69.18 2 1
/Users/syacko/workspace/sotesoft/src/packages/sDatabase/sconstraininfo.go:72.4,74.55 3 1
/Users/syacko/workspace/sotesoft/src/packages/sDatabase/sconstraininfo.go:69.18,71.5 1 0
/Users/syacko/workspace/sotesoft/src/packages/sDatabase/sconstraininfo.go:82.70,95.2 1 0
/Users/syacko/workspace/sotesoft/src/packages/sDatabase/stableinfo.go:14.105,17.67 2 1
/Users/syacko/workspace/sotesoft/src/packages/sDatabase/stableinfo.go:39.2,39.8 1 1
/Users/syacko/workspace/sotesoft/src/packages/sDatabase/stableinfo.go:17.67,23.17 5 1
/Users/syacko/workspace/sotesoft/src/packages/sDatabase/stableinfo.go:27.3,28.21 2 1
/Users/syacko/workspace/sotesoft/src/packages/sDatabase/stableinfo.go:36.3,36.23 1 1
/Users/syacko/workspace/sotesoft/src/packages/sDatabase/stableinfo.go:23.17,25.4 1 0
/Users/syacko/workspace/sotesoft/src/packages/sDatabase/stableinfo.go:28.21,30.18 2 1
/Users/syacko/workspace/sotesoft/src/packages/sDatabase/stableinfo.go:33.4,33.55 1 1
/Users/syacko/workspace/sotesoft/src/packages/sDatabase/stableinfo.go:30.18,32.5 1 0
